<?xml version="1.0" encoding="UTF-8"?>
<!-- Generated by org.testng.reporters.JUnitXMLReporter -->
<testsuite hostname="LAPTOP-KEA360UQ" failures="0" tests="4" name="Default test" time="7.466" errors="0" timestamp="21 Jul 2024 04:54:27 GMT">
  <testcase classname="org.exe.TC01_LoginPage" name="validateBrowserLaunch" time="5.363"/>
  <testcase classname="org.exe.TC01_LoginPage" name="validatePage" time="0.558"/>
  <testcase classname="org.exe.TC01_LoginPage" name="validateLoginCred" time="1.406"/>
  <testcase classname="org.exe.TC01_LoginPage" name="userIsInSearchHotelPage" time="0.125"/>
</testsuite> <!-- Default test -->
