<?xml version="1.0" encoding="UTF-8"?>
<!-- Generated by org.testng.reporters.JUnitXMLReporter -->
<testsuite hostname="LAPTOP-KEA360UQ" failures="0" tests="30" name="Test" time="35.838" errors="0" timestamp="24 Jul 2024 04:39:48 GMT">
  <testcase classname="org.exe.TC01_LoginPage" name="validateBrowserLaunch" time="8.129"/>
  <testcase classname="org.exe.TC01_LoginPage" name="validatePage" time="0.616"/>
  <testcase classname="org.exe.TC01_LoginPage" name="validateLoginCred" time="1.202"/>
  <testcase classname="org.exe.TC01_LoginPage" name="userIsInSearchHotelPage" time="0.11"/>
  <testcase classname="org.exe.TC02_SearchHotelPage" name="validateBrowserLaunch" time="3.701"/>
  <testcase classname="org.exe.TC02_SearchHotelPage" name="validatePage" time="0.424"/>
  <testcase classname="org.exe.TC02_SearchHotelPage" name="validateLoginCred" time="1.193"/>
  <testcase classname="org.exe.TC02_SearchHotelPage" name="userIsInSearchHotelPage" time="0.147"/>
  <testcase classname="org.exe.TC02_SearchHotelPage" name="validate_SearchHotelPage" time="3.88"/>
  <testcase classname="org.exe.TC03_ValidateSelectHotelPage" name="validateBrowserLaunch" time="3.784"/>
  <testcase classname="org.exe.TC03_ValidateSelectHotelPage" name="validatePage" time="0.491"/>
  <testcase classname="org.exe.TC03_ValidateSelectHotelPage" name="validateLoginCred" time="1.176"/>
  <testcase classname="org.exe.TC03_ValidateSelectHotelPage" name="userIsInSearchHotelPage" time="0.106"/>
  <testcase classname="org.exe.TC03_ValidateSelectHotelPage" name="validate_SearchHotelPage" time="3.201"/>
  <testcase classname="org.exe.TC03_ValidateSelectHotelPage" name="validate_Continue" time="2.859"/>
  <testcase classname="org.exe.TC04_ValidatePaymentPage" name="validateBrowserLaunch" time="2.34"/>
  <testcase classname="org.exe.TC04_ValidatePaymentPage" name="validatePage" time="0.041"/>
  <testcase classname="org.exe.TC04_ValidatePaymentPage" name="validateLoginCred" time="0.051"/>
  <testcase classname="org.exe.TC04_ValidatePaymentPage" name="userIsInSearchHotelPage" time="0.04"/>
  <testcase classname="org.exe.TC04_ValidatePaymentPage" name="validate_SearchHotelPage" time="0.022"/>
  <testcase classname="org.exe.TC04_ValidatePaymentPage" name="validate_Continue" time="0.015"/>
  <testcase classname="org.exe.TC04_ValidatePaymentPage" name="validate_Conf" time="0.05"/>
  <testcase classname="org.exe.TC05_ValidateBookingPage" name="validateBrowserLaunch" time="2.018"/>
  <testcase classname="org.exe.TC05_ValidateBookingPage" name="validatePage" time="0.025"/>
  <testcase classname="org.exe.TC05_ValidateBookingPage" name="validateLoginCred" time="0.035"/>
  <testcase classname="org.exe.TC05_ValidateBookingPage" name="userIsInSearchHotelPage" time="0.014"/>
  <testcase classname="org.exe.TC05_ValidateBookingPage" name="validate_SearchHotelPage" time="0.012"/>
  <testcase classname="org.exe.TC05_ValidateBookingPage" name="validate_Continue" time="0.02"/>
  <testcase classname="org.exe.TC05_ValidateBookingPage" name="validate_Conf" time="0.062"/>
  <testcase classname="org.exe.TC05_ValidateBookingPage" name="check_Overview" time="0.014"/>
</testsuite> <!-- Test -->
